<?xml version="1.0" encoding="UTF-8"?>
<!-- Generated by org.testng.reporters.JUnitReportReporter -->
<testsuite hostname="DESKTOP-C88G9O2" failures="0" tests="1" name="pack2Demo.BrowserTest" time="8.552" errors="0" timestamp="2024-09-05T13:12:12 IST" skipped="0">
  <testcase classname="pack2Demo.BrowserTest" name="drivertest" time="8.552"/>
</testsuite> <!-- pack2Demo.BrowserTest -->
